# JRE version: OpenJDK Runtime Environment (26.0.1+8) (build 26.0.1+8-34)
# Java VM: OpenJDK 64-Bit Server VM (26.0.1+8-34, mixed mode, sharing, tiered, compressed oops, compressed class ptrs, g1 gc, windows-amd64)
GC Precious Log:
 CardTable entry size: 512
 Card Set container configuration: InlinePtr #cards 4 size 8 Array Of Cards #cards 32 size 80 Howl #buckets 8 coarsen threshold 7372 Howl Bitmap #cards 1024 size 144 coarsen threshold 921 Card regions per heap region 1 cards per card region 8192
 CPUs: 16 total, 16 available
 Memory: 32471M
 Large Page Support: Disabled
 NUMA Support: Disabled
 Compressed Oops: Enabled (Zero based)
 Heap Region Size: 4M
 Heap Min Capacity: 8M
 Heap Initial Capacity: 8M
 Heap Max Capacity: 8120M
 Pre-touch: Disabled
 Parallel Workers: 13
 Concurrent Workers: 3
 Concurrent Refinement Workers: 13
 Periodic GC: Disabled
Heap:
 garbage-first heap   total reserved 8314880K, committed 212992K, used 166198K [0x0000000604800000, 0x0000000800000000)
  region size 4M, 5 eden (20M), 1 survivor (4M), 3 old (12M), 35 humongous (140M), 8 free (32M)
GC Heap Usage History (20 events):
Event: 0.274 {heap Before GC invocations=4 (full 0):
 garbage-first heap   total reserved 8314880K, committed 20480K, used 5499K [0x0000000604800000, 0x0000000800000000)
  region size 4M, 1 eden (4M), 1 survivor (4M), 2 old (8M), 0 humongous (0M), 1 free (4M)
}
Event: 0.276 {heap After GC invocations=5 (full 0):
 garbage-first heap   total reserved 8314880K, committed 49152K, used 5806K [0x0000000604800000, 0x0000000800000000)
  region size 4M, 0 eden (0M), 1 survivor (4M), 2 old (8M), 0 humongous (0M), 9 free (36M)
}
Event: 0.474 {heap Before GC invocations=5 (full 0):
 garbage-first heap   total reserved 8314880K, committed 49152K, used 22190K [0x0000000604800000, 0x0000000800000000)
  region size 4M, 5 eden (20M), 1 survivor (4M), 2 old (8M), 0 humongous (0M), 4 free (16M)
}
Event: 0.476 {heap After GC invocations=6 (full 0):
 garbage-first heap   total reserved 8314880K, committed 49152K, used 7039K [0x0000000604800000, 0x0000000800000000)
  region size 4M, 0 eden (0M), 1 survivor (4M), 2 old (8M), 0 humongous (0M), 9 free (36M)
}
Event: 0.859 {heap Before GC invocations=6 (full 0):
 garbage-first heap   total reserved 8314880K, committed 49152K, used 31615K [0x0000000604800000, 0x0000000800000000)
  region size 4M, 6 eden (24M), 1 survivor (4M), 2 old (8M), 0 humongous (0M), 3 free (12M)
}
Event: 0.862 {heap After GC invocations=7 (full 0):
 garbage-first heap   total reserved 8314880K, committed 49152K, used 8670K [0x0000000604800000, 0x0000000800000000)
  region size 4M, 0 eden (0M), 1 survivor (4M), 2 old (8M), 0 humongous (0M), 9 free (36M)
}
Event: 1.091 {heap Before GC invocations=7 (full 0):
 garbage-first heap   total reserved 8314880K, committed 49152K, used 33246K [0x0000000604800000, 0x0000000800000000)
  region size 4M, 6 eden (24M), 1 survivor (4M), 2 old (8M), 0 humongous (0M), 3 free (12M)
}
Event: 1.094 {heap After GC invocations=8 (full 0):
 garbage-first heap   total reserved 8314880K, committed 49152K, used 9752K [0x0000000604800000, 0x0000000800000000)
  region size 4M, 0 eden (0M), 1 survivor (4M), 2 old (8M), 0 humongous (0M), 9 free (36M)
}
Event: 1.097 {heap Before GC invocations=8 (full 0):
 garbage-first heap   total reserved 8314880K, committed 49152K, used 9752K [0x0000000604800000, 0x0000000800000000)
  region size 4M, 1 eden (4M), 1 survivor (4M), 2 old (8M), 0 humongous (0M), 8 free (32M)
}
Event: 1.099 {heap After GC invocations=9 (full 0):
 garbage-first heap   total reserved 8314880K, committed 49152K, used 9979K [0x0000000604800000, 0x0000000800000000)
  region size 4M, 0 eden (0M), 1 survivor (4M), 3 old (12M), 0 humongous (0M), 8 free (32M)
}
Event: 1.145 {heap Before GC invocations=10 (full 0):
 garbage-first heap   total reserved 8314880K, committed 86016K, used 67323K [0x0000000604800000, 0x0000000800000000)
  region size 4M, 6 eden (24M), 1 survivor (4M), 3 old (12M), 9 humongous (36M), 2 free (8M)
}
Event: 1.146 {heap After GC invocations=11 (full 0):
 garbage-first heap   total reserved 8314880K, committed 86016K, used 46915K [0x0000000604800000, 0x0000000800000000)
  region size 4M, 0 eden (0M), 1 survivor (4M), 3 old (12M), 9 humongous (36M), 8 free (32M)
}
Event: 1.231 {heap Before GC invocations=11 (full 0):
 garbage-first heap   total reserved 8314880K, committed 86016K, used 67395K [0x0000000604800000, 0x0000000800000000)
  region size 4M, 6 eden (24M), 1 survivor (4M), 3 old (12M), 9 humongous (36M), 2 free (8M)
}
Event: 1.232 {heap After GC invocations=12 (full 0):
 garbage-first heap   total reserved 8314880K, committed 86016K, used 47150K [0x0000000604800000, 0x0000000800000000)
  region size 4M, 0 eden (0M), 1 survivor (4M), 3 old (12M), 9 humongous (36M), 8 free (32M)
}
Event: 1.440 {heap Before GC invocations=13 (full 0):
 garbage-first heap   total reserved 8314880K, committed 86016K, used 71726K [0x0000000604800000, 0x0000000800000000)
  region size 4M, 6 eden (24M), 1 survivor (4M), 3 old (12M), 9 humongous (36M), 2 free (8M)
}
Event: 1.441 {heap After GC invocations=14 (full 0):
 garbage-first heap   total reserved 8314880K, committed 86016K, used 47482K [0x0000000604800000, 0x0000000800000000)
  region size 4M, 0 eden (0M), 1 survivor (4M), 3 old (12M), 9 humongous (36M), 8 free (32M)
}
Event: 1.474 {heap Before GC invocations=14 (full 0):
 garbage-first heap   total reserved 8314880K, committed 86016K, used 51578K [0x0000000604800000, 0x0000000800000000)
  region size 4M, 2 eden (8M), 1 survivor (4M), 3 old (12M), 9 humongous (36M), 6 free (24M)
}
Event: 1.475 {heap After GC invocations=15 (full 0):
 garbage-first heap   total reserved 8314880K, committed 86016K, used 48484K [0x0000000604800000, 0x0000000800000000)
  region size 4M, 0 eden (0M), 1 survivor (4M), 3 old (12M), 9 humongous (36M), 8 free (32M)
}
Event: 1.494 {heap Before GC invocations=16 (full 0):
 garbage-first heap   total reserved 8314880K, committed 143360K, used 130404K [0x0000000604800000, 0x0000000800000000)
  region size 4M, 1 eden (4M), 1 survivor (4M), 3 old (12M), 29 humongous (116M), 1 free (4M)
}
Event: 1.495 {heap After GC invocations=17 (full 0):
 garbage-first heap   total reserved 8314880K, committed 143360K, used 84278K [0x0000000604800000, 0x0000000800000000)
  region size 4M, 0 eden (0M), 1 survivor (4M), 3 old (12M), 18 humongous (72M), 13 free (52M)
}

